<?xml version="1.0" encoding="UTF-8"?>
<testsuite name="com.example.cicdtest.CiCdTestApplicationTests" tests="1" skipped="0" failures="0" errors="0" timestamp="2023-10-09T06:45:20" hostname="DESKTOP-FF68MM5" time="0.832">
  <properties/>
  <testcase name="contextLoads()" classname="com.example.cicdtest.CiCdTestApplicationTests" time="0.832"/>
  <system-out><![CDATA[15:45:18.352 [Test worker] INFO org.springframework.test.context.support.AnnotationConfigContextLoaderUtils -- Could not detect default configuration classes for test class [com.example.cicdtest.CiCdTestApplicationTests]: CiCdTestApplicationTests does not declare any static, non-private, non-final, nested classes annotated with @Configuration.
15:45:18.469 [Test worker] INFO org.springframework.boot.test.context.SpringBootTestContextBootstrapper -- Found @SpringBootConfiguration com.example.cicdtest.CiCdTestApplication for test class com.example.cicdtest.CiCdTestApplicationTests

  .   ____          _            __ _ _
 /\\ / ___'_ __ _ _(_)_ __  __ _ \ \ \ \
( ( )\___ | '_ | '_| | '_ \/ _` | \ \ \ \
 \\/  ___)| |_)| | | | | || (_| |  ) ) ) )
  '  |____| .__|_| |_|_| |_\__, | / / / /
 =========|_|==============|___/=/_/_/_/
 :: Spring Boot ::                (v3.1.4)

2023-10-09T15:45:18.904+09:00  INFO 6584 --- [    Test worker] c.e.cicdtest.CiCdTestApplicationTests    : Starting CiCdTestApplicationTests using Java 17.0.8 with PID 6584 (started by Administrator in C:\Git\Spring\CICD-Test)
2023-10-09T15:45:18.905+09:00  INFO 6584 --- [    Test worker] c.e.cicdtest.CiCdTestApplicationTests    : No active profile set, falling back to 1 default profile: "default"
2023-10-09T15:45:20.276+09:00  INFO 6584 --- [    Test worker] c.e.cicdtest.CiCdTestApplicationTests    : Started CiCdTestApplicationTests in 1.606 seconds (process running for 8.542)
]]></system-out>
  <system-err><![CDATA[]]></system-err>
</testsuite>
